#
# There is insufficient memory for the Java Runtime Environment to continue.
# Native memory allocation (mmap) failed to map 2097152 bytes for Failed to commit area from 0x0000022b17430000 to 0x0000022b17630000 of length 2097152.
# Possible reasons:
#   The system is out of physical RAM or swap space
#   The process is running with CompressedOops enabled, and the Java Heap may be blocking the growth of the native heap
# Possible solutions:
#   Reduce memory load on the system
#   Increase physical memory or swap space
#   Check if swap backing store is full
#   Decrease Java heap size (-Xmx/-Xms)
#   Decrease number of Java threads
#   Decrease Java thread stack sizes (-Xss)
#   Set larger code cache with -XX:ReservedCodeCacheSize=
# This output file may be truncated or incomplete.
#
#  Out of Memory Error (t:/workspace/open/src/hotspot/os/windows/os_windows.cpp:3301), pid=13680, tid=10544
#
# JRE version:  (13.0.2+8) (build )
# Java VM: Java HotSpot(TM) 64-Bit Server VM (13.0.2+8, mixed mode, aot, sharing, tiered, compressed oops, g1 gc, windows-amd64)
# No core dump will be written. Minidumps are not enabled by default on client versions of Windows
#

---------------  S U M M A R Y ------------

Command Line: -ea -Dfile.encoding=UTF-8 org.eclipse.jdt.internal.junit.runner.RemoteTestRunner -version 3 -port 64511 -testLoaderClass org.eclipse.jdt.internal.junit5.runner.JUnit5TestLoader -loaderpluginname org.eclipse.jdt.junit5.runtime -classNames com.exampleTecnocode.tecnocode.model.repository.UsuarioRepositoryTest

Host: Intel(R) Core(TM) i5-8265U CPU @ 1.60GHz, 8 cores, 7G,  Windows 10 , 64 bit Build 19041 (10.0.19041.804)
Time: Mon Mar 15 21:31:46 2021 Hora oficial do Brasil elapsed time: 0 seconds (0d 0h 0m 0s)

---------------  T H R E A D  ---------------

Current thread (0x0000022b7c6b7000):  JavaThread "Unknown thread" [_thread_in_vm, id=10544, stack(0x000000b80ad00000,0x000000b80ae00000)]

Stack: [0x000000b80ad00000,0x000000b80ae00000]
Native frames: (J=compiled Java code, j=interpreted, Vv=VM code, C=native code)
V  [jvm.dll+0x624f9a]
V  [jvm.dll+0x770cfa]
V  [jvm.dll+0x7724af]
V  [jvm.dll+0x772ab3]
V  [jvm.dll+0x24bf08]
V  [jvm.dll+0x6222aa]
V  [jvm.dll+0x6170b5]
V  [jvm.dll+0x30a88c]
V  [jvm.dll+0x30a6c2]
V  [jvm.dll+0x30fe36]
V  [jvm.dll+0x353f6f]
V  [jvm.dll+0x353720]
V  [jvm.dll+0x2e550a]
V  [jvm.dll+0x2e67a2]
V  [jvm.dll+0x74dd78]
V  [jvm.dll+0x361989]
V  [jvm.dll+0x730e65]
V  [jvm.dll+0x3cc53f]
V  [jvm.dll+0x3ce861]
C  [jli.dll+0x51ff]
C  [ucrtbase.dll+0x21bb2]
C  [KERNEL32.DLL+0x17034]
C  [ntdll.dll+0x52651]


---------------  P R O C E S S  ---------------

Threads class SMR info:
_java_thread_list=0x00007ff8e544ccb8, length=0, elements={
}

Java Threads: ( => current thread )

Other Threads:
  0x0000022b7c6fd000 GCTaskThread "GC Thread#0" [stack: 0x000000b80ae00000,0x000000b80af00000] [id=8680]
  0x0000022b7c70f000 ConcurrentGCThread "G1 Main Marker" [stack: 0x000000b80af00000,0x000000b80b000000] [id=8208]
  0x0000022b7c710800 ConcurrentGCThread "G1 Conc#0" [stack: 0x000000b80b000000,0x000000b80b100000] [id=11604]

[error occurred during error reporting (printing all threads), id 0xc0000005, EXCEPTION_ACCESS_VIOLATION (0xc0000005) at pc=0x00007ff8e4c851d7]

VM state:not at safepoint (not fully initialized)

VM Mutex/Monitor currently owned by a thread:  ([mutex/lock_event])
[0x0000022b7c6b3070] Heap_lock - owner thread: 0x0000022b7c6b7000

Heap address: 0x0000000081e00000, size: 2018 MB, Compressed Oops mode: Non-zero based: 0x0000000081e00000
Narrow klass base: 0x0000000000000000, Narrow klass shift: 0

GC Heap History (0 events):
No events

Deoptimization events (0 events):
No events

Classes unloaded (0 events):
No events

Classes redefined (0 events):
No events

Internal exceptions (0 events):
No events

Events (8 events):
Event: 0.033 Loaded shared library C:\Program Files\Java\jdk-13.0.2\bin\zip.dll
Event: 0.033 Loaded shared library C:\Program Files\Java\jdk-13.0.2\bin\jimage.dll
Event: 0.034 Loading shared library C:\Program Files\Java\jdk-13.0.2\lib\libjava.base-coop.dll failed, error code 126
Event: 0.034 Loading shared library C:\Program Files\Java\jdk-13.0.2\lib\libjava.logging-coop.dll failed, error code 126
Event: 0.034 Loading shared library C:\Program Files\Java\jdk-13.0.2\lib\libjdk.compiler-coop.dll failed, error code 126
Event: 0.034 Loading shared library C:\Program Files\Java\jdk-13.0.2\lib\libjdk.scripting.nashorn-coop.dll failed, error code 126
Event: 0.034 Loading shared library C:\Program Files\Java\jdk-13.0.2\lib\libjdk.internal.vm.ci-coop.dll failed, error code 126
Event: 0.034 Loading shared library C:\Program Files\Java\jdk-13.0.2\lib\libjdk.internal.vm.compiler-coop.dll failed, error code 126


Dynamic libraries:
0x00007ff608390000 - 0x00007ff60839f000 	C:\Program Files\Java\jdk-13.0.2\bin\javaw.exe
0x00007ff91bab0000 - 0x00007ff91bca5000 	C:\WINDOWS\SYSTEM32\ntdll.dll
0x00007ff91b800000 - 0x00007ff91b8bd000 	C:\WINDOWS\System32\KERNEL32.DLL
0x00007ff9195f0000 - 0x00007ff9198b9000 	C:\WINDOWS\System32\KERNELBASE.dll
0x00007ff919a10000 - 0x00007ff919b10000 	C:\WINDOWS\System32\ucrtbase.dll
0x00007ff90a360000 - 0x00007ff90a378000 	C:\Program Files\Java\jdk-13.0.2\bin\jli.dll
0x00007ff905280000 - 0x00007ff905295000 	C:\Program Files\Java\jdk-13.0.2\bin\VCRUNTIME140.dll
0x00007ff91aa90000 - 0x00007ff91ab3c000 	C:\WINDOWS\System32\ADVAPI32.dll
0x00007ff91af40000 - 0x00007ff91afde000 	C:\WINDOWS\System32\msvcrt.dll
0x00007ff919d50000 - 0x00007ff919dec000 	C:\WINDOWS\System32\sechost.dll
0x00007ff91ae10000 - 0x00007ff91af3b000 	C:\WINDOWS\System32\RPCRT4.dll
0x00007ff91ab40000 - 0x00007ff91ace0000 	C:\WINDOWS\System32\USER32.dll
0x00007ff919430000 - 0x00007ff919452000 	C:\WINDOWS\System32\win32u.dll
0x00007ff910f30000 - 0x00007ff9111ca000 	C:\WINDOWS\WinSxS\amd64_microsoft.windows.common-controls_6595b64144ccf1df_6.0.19041.844_none_ca00b6081b84eb1d\COMCTL32.dll
0x00007ff919e50000 - 0x00007ff919e7a000 	C:\WINDOWS\System32\GDI32.dll
0x00007ff9194e0000 - 0x00007ff9195eb000 	C:\WINDOWS\System32\gdi32full.dll
0x00007ff9198c0000 - 0x00007ff91995d000 	C:\WINDOWS\System32\msvcp_win.dll
0x00007ff90c480000 - 0x00007ff90c48a000 	C:\WINDOWS\SYSTEM32\VERSION.dll
0x00007ff91a930000 - 0x00007ff91a960000 	C:\WINDOWS\System32\IMM32.DLL
0x00007ff8eec40000 - 0x00007ff8eecdb000 	C:\Program Files\Java\jdk-13.0.2\bin\msvcp140.dll
0x00007ff8e4990000 - 0x00007ff8e54ed000 	C:\Program Files\Java\jdk-13.0.2\bin\server\jvm.dll
0x00007ff91a8c0000 - 0x00007ff91a8c8000 	C:\WINDOWS\System32\PSAPI.DLL
0x00007ff8fb620000 - 0x00007ff8fb629000 	C:\WINDOWS\SYSTEM32\WSOCK32.dll
0x00007ff910b40000 - 0x00007ff910b67000 	C:\WINDOWS\SYSTEM32\WINMM.dll
0x00007ff91a730000 - 0x00007ff91a79b000 	C:\WINDOWS\System32\WS2_32.dll
0x00007ff917e50000 - 0x00007ff917e62000 	C:\WINDOWS\SYSTEM32\kernel.appcore.dll
0x00007ff9126d0000 - 0x00007ff9126e0000 	C:\Program Files\Java\jdk-13.0.2\bin\verify.dll
0x00007ff917800000 - 0x00007ff9179e4000 	C:\WINDOWS\SYSTEM32\DBGHELP.DLL
0x00007ff8fb250000 - 0x00007ff8fb27c000 	C:\WINDOWS\SYSTEM32\dbgcore.DLL
0x00007ff9191f0000 - 0x00007ff919270000 	C:\WINDOWS\System32\bcryptPrimitives.dll
0x00007ff909670000 - 0x00007ff909696000 	C:\Program Files\Java\jdk-13.0.2\bin\java.dll
0x00007ff90a220000 - 0x00007ff90a237000 	C:\Program Files\Java\jdk-13.0.2\bin\zip.dll
0x00007ff912640000 - 0x00007ff91264a000 	C:\Program Files\Java\jdk-13.0.2\bin\jimage.dll

dbghelp: loaded successfully - version: 4.0.5 - missing functions: none
symbol engine: initialized successfully - sym options: 0x614 - pdb path: .;C:\Program Files\Java\jdk-13.0.2\bin;C:\WINDOWS\SYSTEM32;C:\WINDOWS\WinSxS\amd64_microsoft.windows.common-controls_6595b64144ccf1df_6.0.19041.844_none_ca00b6081b84eb1d;C:\Program Files\Java\jdk-13.0.2\bin\server

VM Arguments:
jvm_args: -ea -Dfile.encoding=UTF-8 
java_command: org.eclipse.jdt.internal.junit.runner.RemoteTestRunner -version 3 -port 64511 -testLoaderClass org.eclipse.jdt.internal.junit5.runner.JUnit5TestLoader -loaderpluginname org.eclipse.jdt.junit5.runtime -classNames com.exampleTecnocode.tecnocode.model.repository.UsuarioRepositoryTest
java_class_path (initial): C:\Users\carol\Downloads\tecnocode\target\test-classes;C:\Users\carol\Downloads\tecnocode\target\classes;C:\Users\carol\.p2\pool\plugins\org.junit_4.13.0.v20200204-1500.jar;C:\Users\carol\.p2\pool\plugins\org.hamcrest.core_1.3.0.v20180420-1519.jar;C:\Users\carol\.m2\repository\org\springframework\boot\spring-boot-starter\2.4.3\spring-boot-starter-2.4.3.jar;C:\Users\carol\.m2\repository\org\springframework\boot\spring-boot\2.4.3\spring-boot-2.4.3.jar;C:\Users\carol\.m2\repository\org\springframework\spring-context\5.3.4\spring-context-5.3.4.jar;C:\Users\carol\.m2\repository\org\springframework\spring-expression\5.3.4\spring-expression-5.3.4.jar;C:\Users\carol\.m2\repository\org\springframework\boot\spring-boot-autoconfigure\2.4.3\spring-boot-autoconfigure-2.4.3.jar;C:\Users\carol\.m2\repository\org\springframework\boot\spring-boot-starter-logging\2.4.3\spring-boot-starter-logging-2.4.3.jar;C:\Users\carol\.m2\repository\ch\qos\logback\logback-classic\1.2.3\logback-classic-1.2.3.jar;C:\Users\carol\.m2\repository\ch\qos\logback\logback-core\1.2.3\logback-core-1.2.3.jar;C:\Users\carol\.m2\repository\org\apache\logging\log4j\log4j-to-slf4j\2.13.3\log4j-to-slf4j-2.13.3.jar;C:\Users\carol\.m2\repository\org\apache\logging\log4j\log4j-api\2.13.3\log4j-api-2.13.3.jar;C:\Users\carol\.m2\repository\org\slf4j\jul-to-slf4j\1.7.30\jul-to-slf4j-1.7.30.jar;C:\Users\carol\.m2\repository\jakarta\annotation\jakarta.annotation-api\1.3.5\jakarta.annotation-api-1.3.5.jar;C:\Users\carol\.m2\repository\org\springframework\spring-core\5.3.4\spring-core-5.3.4.jar;C:\Users\carol\.m2\repository\org\springframework\spring-jcl\5.3.4\spring-jcl-5.3.4.jar;C:\Users\carol\.m2\repository\org\yaml\snakeyaml\1.27\snakeyaml-1.27.jar;C:\Users\carol\.m2\repository\junit\junit\4.13.2\junit-4.13.2.jar;C:\Users\carol\.m2\repository\org\hamcrest\hamcrest-core\2.2\hamcrest-core-2.2.jar;C:\Users\carol\.m2\repository\org\springframework\boot\spring-boot-starter-test\2.4.3\spring-boot-
Launcher Type: SUN_STANDARD

[Global flags]
     intx CICompilerCount                          = 4                                         {product} {ergonomic}
     uint ConcGCThreads                            = 2                                         {product} {ergonomic}
     uint G1ConcRefinementThreads                  = 8                                         {product} {ergonomic}
   size_t G1HeapRegionSize                         = 1048576                                   {product} {ergonomic}
    uintx GCDrainStackTargetSize                   = 64                                        {product} {ergonomic}
   size_t InitialHeapSize                          = 134217728                                 {product} {ergonomic}
   size_t MarkStackSize                            = 4194304                                   {product} {ergonomic}
   size_t MaxHeapSize                              = 2116026368                                {product} {ergonomic}
   size_t MinHeapDeltaBytes                        = 1048576                                   {product} {ergonomic}
   size_t MinHeapSize                              = 8388608                                   {product} {ergonomic}
    uintx NonNMethodCodeHeapSize                   = 5839372                                {pd product} {ergonomic}
    uintx NonProfiledCodeHeapSize                  = 122909434                              {pd product} {ergonomic}
    uintx ProfiledCodeHeapSize                     = 122909434                              {pd product} {ergonomic}
    uintx ReservedCodeCacheSize                    = 251658240                              {pd product} {ergonomic}
     bool SegmentedCodeCache                       = true                                      {product} {ergonomic}
   size_t SoftMaxHeapSize                          = 2116026368                             {manageable} {ergonomic}
     bool UseCompressedClassPointers               = true                                 {lp64_product} {ergonomic}
     bool UseCompressedOops                        = true                                 {lp64_product} {ergonomic}
     bool UseG1GC                                  = true                                      {product} {ergonomic}
     bool UseLargePagesIndividualAllocation        = false                                  {pd product} {ergonomic}

Logging:
Log output configuration:
 #0: stdout all=warning uptime,level,tags
 #1: stderr all=off uptime,level,tags

Environment Variables:
JAVA_HOME=C:\Program Files (x86)\Java\jdk1.8.0_281
PATH=C:/Program Files/Java/jdk-13.0.2/bin/server;C:/Program Files/Java/jdk-13.0.2/bin;C:\ProgramData\Oracle\Java\javapath;C:\Program Files (x86)\Falcon\MinGW\bin;C:\Program Files\Microsoft MPI\Bin\;C:\Program Files (x86)\Common Files\Oracle\Java\javapath;C:\WINDOWS\system32;C:\WINDOWS;C:\WINDOWS\System32\Wbem;C:\WINDOWS\System32\WindowsPowerShell\v1.0\;C:\WINDOWS\System32\OpenSSH\;C:\Program Files\dotnet\;C:\Program Files\Microsoft SQL Server\130\Tools\Binn\;C:\Program Files\Microsoft SQL Server\Client SDK\ODBC\170\Tools\Binn\;C:\Program Files (x86)\Microsoft SQL Server\150\DTS\Binn\;C:\Program Files (x86)\Microsoft SQL Server\140\Tools\Binn\;C:\Program Files\Microsoft SQL Server\140\Tools\Binn\;C:\Program Files (x86)\Microsoft SQL Server\140\DTS\Binn\;C:\Program Files\Microsoft SQL Server\140\DTS\Binn\;C:\Program Files\Microsoft SQL Server\Client SDK\ODBC\130\Tools\Binn\;C:\Program Files\nodejs\;C:\Program Files (x86)\dotnet\;C:\Program Files (x86)\Intel\Intel(R) Management Engine Components\DAL;C:\Program Files\Intel\Intel(R) Management Engine Components\DAL;C:\Program Files\Git\cmd;C:\Program Files\MySQL\MySQL Shell 8.0\bin\;C:\Users\carol\AppData\Local\Programs\Python\Python38\Scripts\;C:\Users\carol\AppData\Local\Programs\Python\Python38\;C:\Users\carol\AppData\Local\Microsoft\WindowsApps;C:\Users\carol\AppData\Local\Programs\Microsoft VS Code\bin;C:\Program Files\IntelliJ IDEA Community Edition 2020.1.1\bin;;C:\Users\carol\AppData\Roaming\npm;C:\Program Files (x86)\Sophos\Sophos SSL VPN Client\bin;C:\maven\bin;;C:\Users\carol\OneDrive\Área de Trabalho;
USERNAME=Caroline
OS=Windows_NT
PROCESSOR_IDENTIFIER=Intel64 Family 6 Model 142 Stepping 12, GenuineIntel



---------------  S Y S T E M  ---------------

OS: Windows 10 , 64 bit Build 19041 (10.0.19041.804)

CPU:total 8 (initial active 8) (4 cores per cpu, 2 threads per core) family 6 model 142 stepping 12, cmov, cx8, fxsr, mmx, sse, sse2, sse3, ssse3, sse4.1, sse4.2, popcnt, avx, avx2, aes, clmul, erms, 3dnowpref, lzcnt, ht, tsc, tscinvbit, bmi1, bmi2, adx, fma

Memory: 4k page, system-wide physical 8068M (789M free)
TotalPageFile size 8068M (AvailPageFile size 6M)
current process WorkingSet (physical memory assigned to process): 10M, peak: 10M
current process commit charge ("private bytes"): 190M, peak: 192M

vm_info: Java HotSpot(TM) 64-Bit Server VM (13.0.2+8) for windows-amd64 JRE (13.0.2+8), built on Dec 11 2019 09:20:33 by "mach5one" with unknown MS VC++:1916

END.
