#
# There is insufficient memory for the Java Runtime Environment to continue.
# Native memory allocation (malloc) failed to allocate 1100256 bytes for Chunk::new
# Possible reasons:
#   The system is out of physical RAM or swap space
#   The process is running with CompressedOops enabled, and the Java Heap may be blocking the growth of the native heap
# Possible solutions:
#   Reduce memory load on the system
#   Increase physical memory or swap space
#   Check if swap backing store is full
#   Decrease Java heap size (-Xmx/-Xms)
#   Decrease number of Java threads
#   Decrease Java thread stack sizes (-Xss)
#   Set larger code cache with -XX:ReservedCodeCacheSize=
#   JVM is running with Unscaled Compressed Oops mode in which the Java heap is
#     placed in the first 4GB address space. The Java Heap base address is the
#     maximum limit for the native heap growth. Please use -XX:HeapBaseMinAddress
#     to set the Java Heap base and to place the Java Heap above 4GB virtual address.
# This output file may be truncated or incomplete.
#
#  Out of Memory Error (t:/workspace/open/src/hotspot/share/memory/arena.cpp:196), pid=980, tid=2160
#
# JRE version: Java(TM) SE Runtime Environment (13.0.2+8) (build 13.0.2+8)
# Java VM: Java HotSpot(TM) 64-Bit Server VM (13.0.2+8, mixed mode, sharing, tiered, compressed oops, g1 gc, windows-amd64)
# No core dump will be written. Minidumps are not enabled by default on client versions of Windows
#

---------------  S U M M A R Y ------------

Command Line: -Dfile.encoding=UTF-8 com.tecnocode.TecnocodeApplication

Host: Intel(R) Core(TM) i5-8265U CPU @ 1.60GHz, 8 cores, 7G,  Windows 10 , 64 bit Build 19041 (10.0.19041.928)
Time: Thu May 20 19:53:27 2021 Hora oficial do Brasil elapsed time: 5 seconds (0d 0h 0m 5s)

---------------  T H R E A D  ---------------

Current thread (0x000002bb1ebfe000):  JavaThread "C2 CompilerThread2" daemon [_thread_in_native, id=2160, stack(0x000000e35fd00000,0x000000e35fe00000)]


Current CompileTask:
C2:   5083 5545       4       org.springframework.core.annotation.TypeMappedAnnotations$MergedAnnotationFinder::doWithAnnotations (75 bytes)

Stack: [0x000000e35fd00000,0x000000e35fe00000]
Native frames: (J=compiled Java code, j=interpreted, Vv=VM code, C=native code)
V  [jvm.dll+0x624f9a]
V  [jvm.dll+0x770cfa]
V  [jvm.dll+0x7724af]
V  [jvm.dll+0x772ab3]
V  [jvm.dll+0x24bf08]
V  [jvm.dll+0xc1e47]
V  [jvm.dll+0xc23cc]
V  [jvm.dll+0x2bdbf4]
V  [jvm.dll+0x5441fd]
V  [jvm.dll+0x20de66]
V  [jvm.dll+0x2075b4]
V  [jvm.dll+0x204d1d]
V  [jvm.dll+0x189c2c]
V  [jvm.dll+0x213e6d]
V  [jvm.dll+0x2120bb]
V  [jvm.dll+0x736bb6]
V  [jvm.dll+0x72fcaa]
V  [jvm.dll+0x623ea6]
C  [ucrtbase.dll+0x21bb2]
C  [KERNEL32.DLL+0x17034]
C  [ntdll.dll+0x52651]


---------------  P R O C E S S  ---------------

Threads class SMR info:
_java_thread_list=0x000002bb1e3e1b80, length=23, elements={
0x000002bb7e05b800, 0x000002bb7fb9c800, 0x000002bb7fba0000, 0x000002bb7fbba800,
0x000002bb7fbbc000, 0x000002bb7fbc6000, 0x000002bb7fbc8000, 0x000002bb7fbcd000,
0x000002bb1dc5d000, 0x000002bb1dc91000, 0x000002bb1dce5800, 0x000002bb1e81f800,
0x000002bb1e820800, 0x000002bb231ea800, 0x000002bb21842000, 0x000002bb23fa5000,
0x000002bb22bdc000, 0x000002bb1ee98800, 0x000002bb20942000, 0x000002bb2099e000,
0x000002bb2355e800, 0x000002bb21733000, 0x000002bb1ebfe000
}

Java Threads: ( => current thread )
  0x000002bb7e05b800 JavaThread "main" [_thread_blocked, id=4212, stack(0x000000e35e600000,0x000000e35e700000)]
  0x000002bb7fb9c800 JavaThread "Reference Handler" daemon [_thread_blocked, id=3792, stack(0x000000e35ed00000,0x000000e35ee00000)]
  0x000002bb7fba0000 JavaThread "Finalizer" daemon [_thread_blocked, id=2584, stack(0x000000e35ee00000,0x000000e35ef00000)]
  0x000002bb7fbba800 JavaThread "Signal Dispatcher" daemon [_thread_blocked, id=3976, stack(0x000000e35ef00000,0x000000e35f000000)]
  0x000002bb7fbbc000 JavaThread "Attach Listener" daemon [_thread_blocked, id=6304, stack(0x000000e35f000000,0x000000e35f100000)]
  0x000002bb7fbc6000 JavaThread "C2 CompilerThread0" daemon [_thread_in_native, id=11060, stack(0x000000e35f100000,0x000000e35f200000)]
  0x000002bb7fbc8000 JavaThread "C1 CompilerThread0" daemon [_thread_blocked, id=8828, stack(0x000000e35f200000,0x000000e35f300000)]
  0x000002bb7fbcd000 JavaThread "Sweeper thread" daemon [_thread_blocked, id=3548, stack(0x000000e35f300000,0x000000e35f400000)]
  0x000002bb1dc5d000 JavaThread "Service Thread" daemon [_thread_blocked, id=6780, stack(0x000000e35f400000,0x000000e35f500000)]
  0x000002bb1dc91000 JavaThread "Common-Cleaner" daemon [_thread_blocked, id=10312, stack(0x000000e35f600000,0x000000e35f700000)]
  0x000002bb1dce5800 JavaThread "C2 CompilerThread1" daemon [_thread_in_native, id=12276, stack(0x000000e35f700000,0x000000e35f800000)]
  0x000002bb1e81f800 JavaThread "Thread-0" [_thread_blocked, id=7096, stack(0x000000e35fa00000,0x000000e35fb00000)]
  0x000002bb1e820800 JavaThread "restartedMain" [_thread_blocked, id=2844, stack(0x000000e35fb00000,0x000000e35fc00000)]
  0x000002bb231ea800 JavaThread "Catalina-utility-1" [_thread_blocked, id=10736, stack(0x000000e360300000,0x000000e360400000)]
  0x000002bb21842000 JavaThread "Catalina-utility-2" [_thread_blocked, id=5596, stack(0x000000e360400000,0x000000e360500000)]
  0x000002bb23fa5000 JavaThread "container-0" [_thread_blocked, id=5720, stack(0x000000e360500000,0x000000e360600000)]
  0x000002bb22bdc000 JavaThread "Timer-0" daemon [_thread_blocked, id=4620, stack(0x000000e360600000,0x000000e360700000)]
  0x000002bb1ee98800 JavaThread "oracle.jdbc.driver.BlockSource.ThreadedCachingBlockSource.BlockReleaser" daemon [_thread_blocked, id=8496, stack(0x000000e360700000,0x000000e360800000)]
  0x000002bb20942000 JavaThread "InterruptTimer" daemon [_thread_blocked, id=11880, stack(0x000000e360800000,0x000000e360900000)]
  0x000002bb2099e000 JavaThread "HikariPool-1 housekeeper" daemon [_thread_blocked, id=11960, stack(0x000000e360900000,0x000000e360a00000)]
  0x000002bb2355e800 JavaThread "HikariPool-1 connection adder" daemon [_thread_blocked, id=6056, stack(0x000000e360a00000,0x000000e360b00000)]
  0x000002bb21733000 JavaThread "Live Reload Server" daemon [_thread_in_native, id=6532, stack(0x000000e360b00000,0x000000e360c00000)]
=>0x000002bb1ebfe000 JavaThread "C2 CompilerThread2" daemon [_thread_in_native, id=2160, stack(0x000000e35fd00000,0x000000e35fe00000)]

Other Threads:
  0x000002bb7fb9a800 VMThread "VM Thread" [stack: 0x000000e35ec00000,0x000000e35ed00000] [id=9160]
  0x000002bb1dc7f800 WatcherThread [stack: 0x000000e35f500000,0x000000e35f600000] [id=2304]
  0x000002bb7e09d800 GCTaskThread "GC Thread#0" [stack: 0x000000e35e700000,0x000000e35e800000] [id=2708]
  0x000002bb1e77f800 GCTaskThread "GC Thread#1" [stack: 0x000000e35f800000,0x000000e35f900000] [id=2788]
  0x000002bb1e784800 GCTaskThread "GC Thread#2" [stack: 0x000000e35f900000,0x000000e35fa00000] [id=11900]
  0x000002bb1edd9800 GCTaskThread "GC Thread#3" [stack: 0x000000e35fe00000,0x000000e35ff00000] [id=11716]
  0x000002bb1ec8e800 GCTaskThread "GC Thread#4" [stack: 0x000000e35ff00000,0x000000e360000000] [id=11676]
  0x000002bb1e8dd800 GCTaskThread "GC Thread#5" [stack: 0x000000e360000000,0x000000e360100000] [id=12240]
  0x000002bb1ec71800 GCTaskThread "GC Thread#6" [stack: 0x000000e360100000,0x000000e360200000] [id=6292]
  0x000002bb1e901800 GCTaskThread "GC Thread#7" [stack: 0x000000e360200000,0x000000e360300000] [id=4292]
  0x000002bb7e0af800 ConcurrentGCThread "G1 Main Marker" [stack: 0x000000e35e800000,0x000000e35e900000] [id=11976]
  0x000002bb7e0b1000 ConcurrentGCThread "G1 Conc#0" [stack: 0x000000e35e900000,0x000000e35ea00000] [id=11396]
  0x000002bb2034b000 ConcurrentGCThread "G1 Conc#1" [stack: 0x000000e35fc00000,0x000000e35fd00000] [id=7792]
  0x000002bb7e12e800 ConcurrentGCThread "G1 Refine#0" [stack: 0x000000e35ea00000,0x000000e35eb00000] [id=9096]
  0x000002bb7fa1a000 ConcurrentGCThread "G1 Young RemSet Sampling" [stack: 0x000000e35eb00000,0x000000e35ec00000] [id=2232]

Threads with active compile tasks:
C2 CompilerThread0     5277 5521       4       org.springframework.core.ResolvableType::forType (115 bytes)
C2 CompilerThread1     5277 5535       4       org.springframework.core.annotation.TypeMappedAnnotations::get (52 bytes)
C2 CompilerThread2     5277 5545       4       org.springframework.core.annotation.TypeMappedAnnotations$MergedAnnotationFinder::doWithAnnotations (75 bytes)

VM state:at safepoint (normal execution)

VM Mutex/Monitor currently owned by a thread:  ([mutex/lock_event])
[0x000002bb7e0576d0] Threads_lock - owner thread: 0x000002bb7fb9a800
[0x000002bb7e057a30] Heap_lock - owner thread: 0x000002bb1e820800

Heap address: 0x0000000081e00000, size: 2018 MB, Compressed Oops mode: 32-bit
Narrow klass base: 0x0000000800000000, Narrow klass shift: 3
Compressed class space size: 1073741824 Address: 0x0000000800b40000

Heap:
 garbage-first heap   total 82944K, used 23997K [0x0000000081e00000, 0x0000000100000000)
  region size 1024K, 3 young (3072K), 3 survivors (3072K)
 Metaspace       used 55931K, capacity 57322K, committed 57336K, reserved 1114112K
  class space    used 7343K, capacity 7928K, committed 7936K, reserved 1048576K
Heap Regions: E=young(eden), S=young(survivor), O=old, HS=humongous(starts), HC=humongous(continues), CS=collection set, F=free, A=archive, TAMS=top-at-mark-start (previous, next)
|   0|0x0000000081e00000, 0x0000000081f00000, 0x0000000081f00000|100%|HS|  |TAMS 0x0000000081f00000, 0x0000000081f00000| Complete 
|   1|0x0000000081f00000, 0x0000000082000000, 0x0000000082000000|100%| O|  |TAMS 0x0000000082000000, 0x0000000082000000| Untracked 
|   2|0x0000000082000000, 0x0000000082100000, 0x0000000082100000|100%| O|  |TAMS 0x0000000082100000, 0x0000000082100000| Untracked 
|   3|0x0000000082100000, 0x0000000082200000, 0x0000000082200000|100%| O|  |TAMS 0x0000000082200000, 0x0000000082200000| Untracked 
|   4|0x0000000082200000, 0x0000000082300000, 0x0000000082300000|100%| O|  |TAMS 0x0000000082300000, 0x0000000082300000| Untracked 
|   5|0x0000000082300000, 0x0000000082400000, 0x0000000082400000|100%| O|  |TAMS 0x0000000082400000, 0x0000000082400000| Untracked 
|   6|0x0000000082400000, 0x0000000082447c00, 0x0000000082500000| 28%| O|  |TAMS 0x0000000082447c00, 0x0000000082447c00| Untracked 
|   7|0x0000000082500000, 0x0000000082600000, 0x0000000082600000|100%| O|  |TAMS 0x0000000082600000, 0x0000000082600000| Untracked 
|   8|0x0000000082600000, 0x0000000082700000, 0x0000000082700000|100%| O|  |TAMS 0x0000000082700000, 0x0000000082700000| Untracked 
|   9|0x0000000082700000, 0x0000000082800000, 0x0000000082800000|100%| O|  |TAMS 0x0000000082800000, 0x0000000082800000| Untracked 
|  10|0x0000000082800000, 0x0000000082900000, 0x0000000082900000|100%| O|  |TAMS 0x0000000082900000, 0x0000000082900000| Untracked 
|  11|0x0000000082900000, 0x0000000082a00000, 0x0000000082a00000|100%| O|  |TAMS 0x0000000082a00000, 0x0000000082a00000| Untracked 
|  12|0x0000000082a00000, 0x0000000082ae6000, 0x0000000082b00000| 89%| O|  |TAMS 0x0000000082ae6000, 0x0000000082ae6000| Untracked 
|  13|0x0000000082b00000, 0x0000000082c00000, 0x0000000082c00000|100%| O|  |TAMS 0x0000000082b00000, 0x0000000082c00000| Untracked 
|  14|0x0000000082c00000, 0x0000000082d00000, 0x0000000082d00000|100%| O|  |TAMS 0x0000000082c00000, 0x0000000082d00000| Untracked 
|  15|0x0000000082d00000, 0x0000000082e00000, 0x0000000082e00000|100%| O|  |TAMS 0x0000000082d00000, 0x0000000082e00000| Untracked 
|  16|0x0000000082e00000, 0x0000000082f00000, 0x0000000082f00000|100%| O|  |TAMS 0x0000000082e00000, 0x0000000082f00000| Untracked 
|  17|0x0000000082f00000, 0x0000000083000000, 0x0000000083000000|100%| O|  |TAMS 0x0000000082f00000, 0x0000000083000000| Untracked 
|  18|0x0000000083000000, 0x0000000083100000, 0x0000000083100000|100%| O|  |TAMS 0x0000000083000000, 0x000000008300b400| Untracked 
|  19|0x0000000083100000, 0x000000008318fe00, 0x0000000083200000| 56%| O|  |TAMS 0x0000000083100000, 0x0000000083100000| Untracked 
|  20|0x0000000083200000, 0x0000000083200000, 0x0000000083300000|  0%| F|  |TAMS 0x0000000083200000, 0x0000000083200000| Untracked 
|  21|0x0000000083300000, 0x0000000083300000, 0x0000000083400000|  0%| F|  |TAMS 0x0000000083300000, 0x0000000083300000| Untracked 
|  22|0x0000000083400000, 0x0000000083400000, 0x0000000083500000|  0%| F|  |TAMS 0x0000000083400000, 0x0000000083400000| Untracked 
|  23|0x0000000083500000, 0x0000000083500000, 0x0000000083600000|  0%| F|  |TAMS 0x0000000083500000, 0x0000000083500000| Untracked 
|  24|0x0000000083600000, 0x0000000083600000, 0x0000000083700000|  0%| F|  |TAMS 0x0000000083600000, 0x0000000083600000| Untracked 
|  25|0x0000000083700000, 0x0000000083700000, 0x0000000083800000|  0%| F|  |TAMS 0x0000000083700000, 0x0000000083700000| Untracked 
|  26|0x0000000083800000, 0x0000000083800000, 0x0000000083900000|  0%| F|  |TAMS 0x0000000083800000, 0x0000000083800000| Untracked 
|  27|0x0000000083900000, 0x0000000083900000, 0x0000000083a00000|  0%| F|  |TAMS 0x0000000083900000, 0x0000000083900000| Untracked 
|  28|0x0000000083a00000, 0x0000000083a00000, 0x0000000083b00000|  0%| F|  |TAMS 0x0000000083a00000, 0x0000000083a00000| Untracked 
|  29|0x0000000083b00000, 0x0000000083b00000, 0x0000000083c00000|  0%| F|  |TAMS 0x0000000083b00000, 0x0000000083b00000| Untracked 
|  30|0x0000000083c00000, 0x0000000083c00000, 0x0000000083d00000|  0%| F|  |TAMS 0x0000000083c00000, 0x0000000083c00000| Untracked 
|  31|0x0000000083d00000, 0x0000000083d00000, 0x0000000083e00000|  0%| F|  |TAMS 0x0000000083d00000, 0x0000000083d00000| Untracked 
|  32|0x0000000083e00000, 0x0000000083e00000, 0x0000000083f00000|  0%| F|  |TAMS 0x0000000083e00000, 0x0000000083e00000| Untracked 
|  33|0x0000000083f00000, 0x0000000083f00000, 0x0000000084000000|  0%| F|  |TAMS 0x0000000083f00000, 0x0000000083f00000| Untracked 
|  34|0x0000000084000000, 0x0000000084000000, 0x0000000084100000|  0%| F|  |TAMS 0x0000000084000000, 0x0000000084000000| Untracked 
|  35|0x0000000084100000, 0x0000000084100000, 0x0000000084200000|  0%| F|  |TAMS 0x0000000084100000, 0x0000000084100000| Untracked 
|  36|0x0000000084200000, 0x0000000084200000, 0x0000000084300000|  0%| F|  |TAMS 0x0000000084200000, 0x0000000084200000| Untracked 
|  37|0x0000000084300000, 0x0000000084300000, 0x0000000084400000|  0%| F|  |TAMS 0x0000000084300000, 0x0000000084300000| Untracked 
|  38|0x0000000084400000, 0x0000000084400000, 0x0000000084500000|  0%| F|  |TAMS 0x0000000084400000, 0x0000000084400000| Untracked 
|  39|0x0000000084500000, 0x0000000084500000, 0x0000000084600000|  0%| F|  |TAMS 0x0000000084500000, 0x0000000084500000| Untracked 
|  40|0x0000000084600000, 0x0000000084600000, 0x0000000084700000|  0%| F|  |TAMS 0x0000000084600000, 0x0000000084600000| Untracked 
|  41|0x0000000084700000, 0x0000000084800000, 0x0000000084800000|100%| O|  |TAMS 0x0000000084800000, 0x0000000084800000| Untracked 
|  42|0x0000000084800000, 0x0000000084800000, 0x0000000084900000|  0%| F|  |TAMS 0x0000000084800000, 0x0000000084800000| Untracked 
|  43|0x0000000084900000, 0x0000000084900000, 0x0000000084a00000|  0%| F|  |TAMS 0x0000000084900000, 0x0000000084900000| Untracked 
|  44|0x0000000084a00000, 0x0000000084b00000, 0x0000000084b00000|100%| O|  |TAMS 0x0000000084b00000, 0x0000000084b00000| Untracked 
|  45|0x0000000084b00000, 0x0000000084bb1c90, 0x0000000084c00000| 69%| S|CS|TAMS 0x0000000084b00000, 0x0000000084b00000| Complete 
|  46|0x0000000084c00000, 0x0000000084d00000, 0x0000000084d00000|100%| S|CS|TAMS 0x0000000084c00000, 0x0000000084c00000| Complete 
|  47|0x0000000084d00000, 0x0000000084e00000, 0x0000000084e00000|100%| S|CS|TAMS 0x0000000084d00000, 0x0000000084d00000| Complete 
|  48|0x0000000084e00000, 0x0000000084e00000, 0x0000000084f00000|  0%| F|  |TAMS 0x0000000084e00000, 0x0000000084e00000| Untracked 
|  49|0x0000000084f00000, 0x0000000084f00000, 0x0000000085000000|  0%| F|  |TAMS 0x0000000084f00000, 0x0000000084f00000| Untracked 
|  50|0x0000000085000000, 0x0000000085000000, 0x0000000085100000|  0%| F|  |TAMS 0x0000000085000000, 0x0000000085000000| Untracked 
|  51|0x0000000085100000, 0x0000000085100000, 0x0000000085200000|  0%| F|  |TAMS 0x0000000085100000, 0x0000000085100000| Untracked 
|  52|0x0000000085200000, 0x0000000085200000, 0x0000000085300000|  0%| F|  |TAMS 0x0000000085200000, 0x0000000085200000| Untracked 
|  53|0x0000000085300000, 0x0000000085300000, 0x0000000085400000|  0%| F|  |TAMS 0x0000000085300000, 0x0000000085300000| Untracked 
|  54|0x0000000085400000, 0x0000000085400000, 0x0000000085500000|  0%| F|  |TAMS 0x0000000085400000, 0x0000000085400000| Untracked 
|  55|0x0000000085500000, 0x0000000085500000, 0x0000000085600000|  0%| F|  |TAMS 0x0000000085500000, 0x0000000085500000| Untracked 
|  56|0x0000000085600000, 0x0000000085600000, 0x0000000085700000|  0%| F|  |TAMS 0x0000000085600000, 0x0000000085600000| Untracked 
|  57|0x0000000085700000, 0x0000000085700000, 0x0000000085800000|  0%| F|  |TAMS 0x0000000085700000, 0x0000000085700000| Untracked 
|  58|0x0000000085800000, 0x0000000085800000, 0x0000000085900000|  0%| F|  |TAMS 0x0000000085800000, 0x0000000085800000| Untracked 
|  59|0x0000000085900000, 0x0000000085900000, 0x0000000085a00000|  0%| F|  |TAMS 0x0000000085900000, 0x0000000085900000| Untracked 
|  60|0x0000000085a00000, 0x0000000085a00000, 0x0000000085b00000|  0%| F|  |TAMS 0x0000000085a00000, 0x0000000085a00000| Untracked 
|  61|0x0000000085b00000, 0x0000000085b00000, 0x0000000085c00000|  0%| F|  |TAMS 0x0000000085b00000, 0x0000000085b00000| Untracked 
|  62|0x0000000085c00000, 0x0000000085c00000, 0x0000000085d00000|  0%| F|  |TAMS 0x0000000085c00000, 0x0000000085c00000| Untracked 
|  63|0x0000000085d00000, 0x0000000085d00000, 0x0000000085e00000|  0%| F|  |TAMS 0x0000000085d00000, 0x0000000085d00000| Untracked 
|  64|0x0000000085e00000, 0x0000000085e00000, 0x0000000085f00000|  0%| F|  |TAMS 0x0000000085e00000, 0x0000000085e00000| Untracked 
|  65|0x0000000085f00000, 0x0000000085f00000, 0x0000000086000000|  0%| F|  |TAMS 0x0000000085f00000, 0x0000000085f00000| Untracked 
|  66|0x0000000086000000, 0x0000000086000000, 0x0000000086100000|  0%| F|  |TAMS 0x0000000086000000, 0x0000000086000000| Untracked 
|  67|0x0000000086100000, 0x0000000086100000, 0x0000000086200000|  0%| F|  |TAMS 0x0000000086100000, 0x0000000086100000| Untracked 
|  68|0x0000000086200000, 0x0000000086200000, 0x0000000086300000|  0%| F|  |TAMS 0x0000000086200000, 0x0000000086200000| Untracked 
|  69|0x0000000086300000, 0x0000000086300000, 0x0000000086400000|  0%| F|  |TAMS 0x0000000086300000, 0x0000000086300000| Untracked 
|  70|0x0000000086400000, 0x0000000086400000, 0x0000000086500000|  0%| F|  |TAMS 0x0000000086400000, 0x0000000086400000| Untracked 
|  71|0x0000000086500000, 0x0000000086500000, 0x0000000086600000|  0%| F|  |TAMS 0x0000000086500000, 0x0000000086500000| Untracked 
|  72|0x0000000086600000, 0x0000000086600000, 0x0000000086700000|  0%| F|  |TAMS 0x0000000086600000, 0x0000000086600000| Untracked 
|  73|0x0000000086700000, 0x0000000086700000, 0x0000000086800000|  0%| F|  |TAMS 0x0000000086700000, 0x0000000086700000| Untracked 
|  74|0x0000000086800000, 0x0000000086800000, 0x0000000086900000|  0%| F|  |TAMS 0x0000000086800000, 0x0000000086800000| Untracked 
|  81|0x0000000086f00000, 0x0000000086f00000, 0x0000000087000000|  0%| F|  |TAMS 0x0000000086f00000, 0x0000000086f00000| Untracked 
|  82|0x0000000087000000, 0x0000000087000000, 0x0000000087100000|  0%| F|  |TAMS 0x0000000087000000, 0x0000000087000000| Untracked 
|  83|0x0000000087100000, 0x0000000087100000, 0x0000000087200000|  0%| F|  |TAMS 0x0000000087100000, 0x0000000087100000| Untracked 
|  84|0x0000000087200000, 0x0000000087200000, 0x0000000087300000|  0%| F|  |TAMS 0x0000000087200000, 0x0000000087200000| Untracked 
|  86|0x0000000087400000, 0x0000000087400000, 0x0000000087500000|  0%| F|  |TAMS 0x0000000087400000, 0x0000000087400000| Untracked 
| 127|0x0000000089d00000, 0x0000000089d00000, 0x0000000089e00000|  0%| F|  |TAMS 0x0000000089d00000, 0x0000000089d00000| Untracked 

Card table byte_map: [0x000002bb7e970000,0x000002bb7ed70000] _byte_map_base: 0x000002bb7e561000

Marking Bits (Prev, Next): (CMBitMap*) 0x000002bb7e09e8b8, (CMBitMap*) 0x000002bb7e09e8f8
 Prev Bits: [0x000002bb17430000, 0x000002bb193b8000)
 Next Bits: [0x000002bb193c0000, 0x000002bb1b348000)

Polling page: 0x000002bb7bfa0000

Metaspace:

Usage:
  Non-class:     48.24 MB capacity,    47.45 MB ( 98%) used,   630.15 KB (  1%) free+waste,   175.44 KB ( <1%) overhead. 
      Class:      7.74 MB capacity,     7.17 MB ( 93%) used,   501.52 KB (  6%) free+waste,    83.06 KB (  1%) overhead. 
       Both:     55.98 MB capacity,    54.62 MB ( 98%) used,     1.11 MB (  2%) free+waste,   258.50 KB ( <1%) overhead. 

Virtual space:
  Non-class space:       64.00 MB reserved,      48.24 MB ( 75%) committed 
      Class space:        1.00 GB reserved,       7.75 MB ( <1%) committed 
             Both:        1.06 GB reserved,      55.99 MB (  5%) committed 

Chunk freelists:
   Non-Class:  6.00 KB
       Class:  8.00 KB
        Both:  14.00 KB

MaxMetaspaceSize: 17179869184.00 GB
CompressedClassSpaceSize: 1.00 GB

CodeHeap 'non-profiled nmethods': size=120000Kb used=2916Kb max_used=3240Kb free=117083Kb
 bounds [0x000002bb0ff00000, 0x000002bb10230000, 0x000002bb17430000]
CodeHeap 'profiled nmethods': size=120000Kb used=11293Kb max_used=12223Kb free=108707Kb
 bounds [0x000002bb089d0000, 0x000002bb095d0000, 0x000002bb0ff00000]
CodeHeap 'non-nmethods': size=5760Kb used=1339Kb max_used=1367Kb free=4420Kb
 bounds [0x000002bb08430000, 0x000002bb086a0000, 0x000002bb089d0000]
 total_blobs=8013 nmethods=5081 adapters=529
 compilation: enabled
              stopped_count=0, restarted_count=0
 full_count=0

Compilation events (20 events):
Event: 5.044 Thread 0x000002bb7fbc8000 nmethod 5596 0x000002bb08a59e90 code [0x000002bb08a5a080, 0x000002bb08a5a4e0]
Event: 5.044 Thread 0x000002bb7fbc8000 5594       3       org.springframework.data.util.Optionals$$Lambda$819/0x00000008012c6040::apply (8 bytes)
Event: 5.044 Thread 0x000002bb7fbc8000 nmethod 5594 0x000002bb09229090 code [0x000002bb092293c0, 0x000002bb0922a8e0]
Event: 5.044 Thread 0x000002bb7fbc8000 5599       3       java.util.Optional::map (30 bytes)
Event: 5.045 Thread 0x000002bb7fbc8000 nmethod 5599 0x000002bb08b0ea10 code [0x000002bb08b0ec20, 0x000002bb08b0f380]
Event: 5.045 Thread 0x000002bb7fbc8000 5595       3       org.springframework.data.util.Optionals::lambda$toStream$0 (21 bytes)
Event: 5.045 Thread 0x000002bb7fbc8000 nmethod 5595 0x000002bb08ca7d90 code [0x000002bb08ca80a0, 0x000002bb08ca9380]
Event: 5.045 Thread 0x000002bb7fbc8000 5601       3       java.util.stream.ReferencePipeline::flatMap (30 bytes)
Event: 5.045 Thread 0x000002bb7fbc8000 nmethod 5601 0x000002bb090dbb90 code [0x000002bb090dbd80, 0x000002bb090dc340]
Event: 5.045 Thread 0x000002bb7fbc8000 5600       1       org.springframework.data.util.ClassTypeInformation::getType (5 bytes)
Event: 5.045 Thread 0x000002bb7fbc8000 nmethod 5600 0x000002bb10025490 code [0x000002bb10025620, 0x000002bb10025758]
Event: 5.045 Thread 0x000002bb7fbc8000 5602       1       org.springframework.data.mapping.model.AbstractPersistentProperty::getGetter (5 bytes)
Event: 5.045 Thread 0x000002bb7fbc8000 nmethod 5602 0x000002bb0ff5b610 code [0x000002bb0ff5b7a0, 0x000002bb0ff5b8d8]
Event: 5.045 Thread 0x000002bb7fbc8000 5603       1       org.springframework.data.mapping.model.AbstractPersistentProperty::getSetter (5 bytes)
Event: 5.046 Thread 0x000002bb7fbc8000 nmethod 5603 0x000002bb0ffea410 code [0x000002bb0ffea5a0, 0x000002bb0ffea6d8]
Event: 5.046 Thread 0x000002bb7fbc8000 5604       1       org.springframework.data.mapping.model.AbstractPersistentProperty::getField (5 bytes)
Event: 5.046 Thread 0x000002bb7fbc8000 nmethod 5604 0x000002bb10034090 code [0x000002bb10034220, 0x000002bb10034358]
Event: 5.046 Thread 0x000002bb7fbc8000 5598       3       org.springframework.util.ReflectionUtils::makeAccessible (36 bytes)
Event: 5.046 Thread 0x000002bb7fbc8000 nmethod 5598 0x000002bb08ab1110 code [0x000002bb08ab1360, 0x000002bb08ab1d40]
Event: 5.046 Thread 0x000002bb7fbc8000 5606       3       org.springframework.data.util.Lazy::of (9 bytes)

GC Heap History (20 events):
Event: 1.785 GC heap before
{Heap before GC invocations=3 (full 0):
 garbage-first heap   total 131072K, used 51713K [0x0000000081e00000, 0x0000000100000000)
  region size 1024K, 49 young (50176K), 8 survivors (8192K)
 Metaspace       used 20475K, capacity 21207K, committed 21248K, reserved 1067008K
  class space    used 2498K, capacity 2798K, committed 2816K, reserved 1048576K
}
Event: 1.798 GC heap after
{Heap after GC invocations=4 (full 0):
 garbage-first heap   total 131072K, used 12543K [0x0000000081e00000, 0x0000000100000000)
  region size 1024K, 6 young (6144K), 6 survivors (6144K)
 Metaspace       used 20475K, capacity 21207K, committed 21248K, reserved 1067008K
  class space    used 2498K, capacity 2798K, committed 2816K, reserved 1048576K
}
Event: 2.560 GC heap before
{Heap before GC invocations=5 (full 0):
 garbage-first heap   total 48128K, used 47359K [0x0000000081e00000, 0x0000000100000000)
  region size 1024K, 40 young (40960K), 6 survivors (6144K)
 Metaspace       used 25647K, capacity 26572K, committed 26752K, reserved 1073152K
  class space    used 3216K, capacity 3593K, committed 3712K, reserved 1048576K
}
Event: 2.568 GC heap after
{Heap after GC invocations=6 (full 0):
 garbage-first heap   total 69632K, used 14797K [0x0000000081e00000, 0x0000000100000000)
  region size 1024K, 7 young (7168K), 7 survivors (7168K)
 Metaspace       used 25647K, capacity 26572K, committed 26752K, reserved 1073152K
  class space    used 3216K, capacity 3593K, committed 3712K, reserved 1048576K
}
Event: 2.639 GC heap before
{Heap before GC invocations=6 (full 0):
 garbage-first heap   total 69632K, used 47565K [0x0000000081e00000, 0x0000000100000000)
  region size 1024K, 40 young (40960K), 7 survivors (7168K)
 Metaspace       used 26473K, capacity 27387K, committed 27520K, reserved 1073152K
  class space    used 3297K, capacity 3694K, committed 3712K, reserved 1048576K
}
Event: 2.643 GC heap after
{Heap after GC invocations=7 (full 0):
 garbage-first heap   total 69632K, used 15927K [0x0000000081e00000, 0x0000000100000000)
  region size 1024K, 2 young (2048K), 2 survivors (2048K)
 Metaspace       used 26473K, capacity 27387K, committed 27520K, reserved 1073152K
  class space    used 3297K, capacity 3694K, committed 3712K, reserved 1048576K
}
Event: 2.724 GC heap before
{Heap before GC invocations=7 (full 0):
 garbage-first heap   total 69632K, used 50743K [0x0000000081e00000, 0x0000000100000000)
  region size 1024K, 37 young (37888K), 2 survivors (2048K)
 Metaspace       used 27165K, capacity 28124K, committed 28416K, reserved 1073152K
  class space    used 3358K, capacity 3769K, committed 3840K, reserved 1048576K
}
Event: 2.725 GC heap after
{Heap after GC invocations=8 (full 0):
 garbage-first heap   total 69632K, used 15517K [0x0000000081e00000, 0x0000000100000000)
  region size 1024K, 1 young (1024K), 1 survivors (1024K)
 Metaspace       used 27165K, capacity 28124K, committed 28416K, reserved 1073152K
  class space    used 3358K, capacity 3769K, committed 3840K, reserved 1048576K
}
Event: 3.056 GC heap before
{Heap before GC invocations=8 (full 0):
 garbage-first heap   total 69632K, used 52381K [0x0000000081e00000, 0x0000000100000000)
  region size 1024K, 38 young (38912K), 1 survivors (1024K)
 Metaspace       used 29881K, capacity 30976K, committed 31104K, reserved 1077248K
  class space    used 3704K, capacity 4147K, committed 4224K, reserved 1048576K
}
Event: 3.060 GC heap after
{Heap after GC invocations=9 (full 0):
 garbage-first heap   total 69632K, used 16646K [0x0000000081e00000, 0x0000000100000000)
  region size 1024K, 3 young (3072K), 3 survivors (3072K)
 Metaspace       used 29881K, capacity 30976K, committed 31104K, reserved 1077248K
  class space    used 3704K, capacity 4147K, committed 4224K, reserved 1048576K
}
Event: 3.530 GC heap before
{Heap before GC invocations=9 (full 0):
 garbage-first heap   total 69632K, used 48390K [0x0000000081e00000, 0x0000000100000000)
  region size 1024K, 35 young (35840K), 3 survivors (3072K)
 Metaspace       used 34336K, capacity 35376K, committed 35584K, reserved 1079296K
  class space    used 4403K, capacity 4842K, committed 4864K, reserved 1048576K
}
Event: 3.533 GC heap after
{Heap after GC invocations=10 (full 0):
 garbage-first heap   total 69632K, used 17493K [0x0000000081e00000, 0x0000000100000000)
  region size 1024K, 3 young (3072K), 3 survivors (3072K)
 Metaspace       used 34336K, capacity 35376K, committed 35584K, reserved 1079296K
  class space    used 4403K, capacity 4842K, committed 4864K, reserved 1048576K
}
Event: 4.010 GC heap before
{Heap before GC invocations=11 (full 0):
 garbage-first heap   total 68608K, used 54357K [0x0000000081e00000, 0x0000000100000000)
  region size 1024K, 39 young (39936K), 3 survivors (3072K)
 Metaspace       used 43471K, capacity 44669K, committed 44792K, reserved 1087488K
  class space    used 5618K, capacity 6087K, committed 6144K, reserved 1048576K
}
Event: 4.014 GC heap after
{Heap after GC invocations=12 (full 0):
 garbage-first heap   total 68608K, used 19805K [0x0000000081e00000, 0x0000000100000000)
  region size 1024K, 5 young (5120K), 5 survivors (5120K)
 Metaspace       used 43471K, capacity 44669K, committed 44792K, reserved 1087488K
  class space    used 5618K, capacity 6087K, committed 6144K, reserved 1048576K
}
Event: 4.316 GC heap before
{Heap before GC invocations=12 (full 0):
 garbage-first heap   total 68608K, used 53597K [0x0000000081e00000, 0x0000000100000000)
  region size 1024K, 38 young (38912K), 5 survivors (5120K)
 Metaspace       used 48000K, capacity 49217K, committed 49528K, reserved 1091584K
  class space    used 6203K, capacity 6680K, committed 6784K, reserved 1048576K
}
Event: 4.320 GC heap after
{Heap after GC invocations=13 (full 0):
 garbage-first heap   total 68608K, used 21433K [0x0000000081e00000, 0x0000000100000000)
  region size 1024K, 4 young (4096K), 4 survivors (4096K)
 Metaspace       used 48000K, capacity 49217K, committed 49528K, reserved 1091584K
  class space    used 6203K, capacity 6680K, committed 6784K, reserved 1048576K
}
Event: 4.604 GC heap before
{Heap before GC invocations=13 (full 0):
 garbage-first heap   total 68608K, used 54201K [0x0000000081e00000, 0x0000000100000000)
  region size 1024K, 36 young (36864K), 4 survivors (4096K)
 Metaspace       used 51549K, capacity 52769K, committed 52856K, reserved 1095680K
  class space    used 6774K, capacity 7244K, committed 7296K, reserved 1048576K
}
Event: 4.607 GC heap after
{Heap after GC invocations=14 (full 0):
 garbage-first heap   total 82944K, used 22396K [0x0000000081e00000, 0x0000000100000000)
  region size 1024K, 3 young (3072K), 3 survivors (3072K)
 Metaspace       used 51549K, capacity 52769K, committed 52856K, reserved 1095680K
  class space    used 6774K, capacity 7244K, committed 7296K, reserved 1048576K
}
Event: 4.844 GC heap before
{Heap before GC invocations=14 (full 0):
 garbage-first heap   total 82944K, used 60284K [0x0000000081e00000, 0x0000000100000000)
  region size 1024K, 40 young (40960K), 3 survivors (3072K)
 Metaspace       used 52380K, capacity 53608K, committed 53752K, reserved 1095680K
  class space    used 6911K, capacity 7374K, committed 7424K, reserved 1048576K
}
Event: 4.847 GC heap after
{Heap after GC invocations=15 (full 0):
 garbage-first heap   total 82944K, used 23597K [0x0000000081e00000, 0x0000000100000000)
  region size 1024K, 4 young (4096K), 4 survivors (4096K)
 Metaspace       used 52380K, capacity 53608K, committed 53752K, reserved 1095680K
  class space    used 6911K, capacity 7374K, committed 7424K, reserved 1048576K
}

Deoptimization events (20 events):
Event: 4.938 Thread 0x000002bb1e820800 Uncommon trap: trap_request=0xffffffde fr.pc=0x000002bb100616ac relative=0x000000000000026c
Event: 4.938 Thread 0x000002bb1e820800 Uncommon trap: reason=class_check action=maybe_recompile pc=0x000002bb100616ac method=sun.reflect.generics.reflectiveObjects.TypeVariableImpl.hashCode()I @ 4 c2
Event: 4.938 Thread 0x000002bb1e820800 DEOPT PACKING pc=0x000002bb100616ac sp=0x000000e35fbfb520
Event: 4.938 Thread 0x000002bb1e820800 DEOPT UNPACKING pc=0x000002bb0847912f sp=0x000000e35fbfb4b8 mode 2
Event: 4.938 Thread 0x000002bb1e820800 Uncommon trap: trap_request=0xffffffde fr.pc=0x000002bb100616ac relative=0x000000000000026c
Event: 4.938 Thread 0x000002bb1e820800 Uncommon trap: reason=class_check action=maybe_recompile pc=0x000002bb100616ac method=sun.reflect.generics.reflectiveObjects.TypeVariableImpl.hashCode()I @ 4 c2
Event: 4.938 Thread 0x000002bb1e820800 DEOPT PACKING pc=0x000002bb100616ac sp=0x000000e35fbfb4d0
Event: 4.938 Thread 0x000002bb1e820800 DEOPT UNPACKING pc=0x000002bb0847912f sp=0x000000e35fbfb468 mode 2
Event: 4.938 Thread 0x000002bb1e820800 Uncommon trap: trap_request=0xffffffde fr.pc=0x000002bb100616ac relative=0x000000000000026c
Event: 4.938 Thread 0x000002bb1e820800 Uncommon trap: reason=class_check action=maybe_recompile pc=0x000002bb100616ac method=sun.reflect.generics.reflectiveObjects.TypeVariableImpl.hashCode()I @ 4 c2
Event: 4.938 Thread 0x000002bb1e820800 DEOPT PACKING pc=0x000002bb100616ac sp=0x000000e35fbfb610
Event: 4.938 Thread 0x000002bb1e820800 DEOPT UNPACKING pc=0x000002bb0847912f sp=0x000000e35fbfb5a8 mode 2
Event: 5.022 Thread 0x000002bb1e820800 Uncommon trap: trap_request=0xffffff54 fr.pc=0x000002bb100532c8 relative=0x00000000000003e8
Event: 5.022 Thread 0x000002bb1e820800 Uncommon trap: reason=speculate_null_assert action=make_not_entrant pc=0x000002bb100532c8 method=org.springframework.util.ConcurrentReferenceHashMap$Segment.restructureIfNecessary(Z)V @ 41 c2
Event: 5.022 Thread 0x000002bb1e820800 DEOPT PACKING pc=0x000002bb100532c8 sp=0x000000e35fbfc060
Event: 5.022 Thread 0x000002bb1e820800 DEOPT UNPACKING pc=0x000002bb0847912f sp=0x000000e35fbfbf98 mode 2
Event: 5.031 Thread 0x000002bb1e820800 Uncommon trap: trap_request=0xffffff54 fr.pc=0x000002bb0ffbd928 relative=0x00000000000003e8
Event: 5.031 Thread 0x000002bb1e820800 Uncommon trap: reason=speculate_null_assert action=make_not_entrant pc=0x000002bb0ffbd928 method=org.springframework.util.ConcurrentReferenceHashMap$Segment.restructureIfNecessary(Z)V @ 41 c2
Event: 5.031 Thread 0x000002bb1e820800 DEOPT PACKING pc=0x000002bb0ffbd928 sp=0x000000e35fbfb010
Event: 5.031 Thread 0x000002bb1e820800 DEOPT UNPACKING pc=0x000002bb0847912f sp=0x000000e35fbfafd8 mode 2

Classes unloaded (0 events):
No events

Classes redefined (0 events):
No events

Internal exceptions (20 events):
Event: 4.891 Thread 0x000002bb1e820800 Exception <a 'java/lang/ClassNotFoundException'{0x0000000086645570}: org/springframework/data/jpa/repository/support/JpaRepositoryFactoryBeanCustomizer> (0x0000000086645570) 
thrown [t:/workspace/open/src/hotspot/share/classfile/systemDictionary.cpp, line 232]
Event: 4.893 Thread 0x000002bb1e820800 Exception <a 'java/lang/ClassNotFoundException'{0x0000000086685f98}: org/springframework/beans/factory/BeanFactoryAwareCustomizer> (0x0000000086685f98) 
thrown [t:/workspace/open/src/hotspot/share/classfile/systemDictionary.cpp, line 232]
Event: 4.893 Thread 0x000002bb1e820800 Exception <a 'java/lang/ClassNotFoundException'{0x0000000086698728}: org/springframework/beans/factory/AwareCustomizer> (0x0000000086698728) 
thrown [t:/workspace/open/src/hotspot/share/classfile/systemDictionary.cpp, line 232]
Event: 4.893 Thread 0x000002bb1e820800 Exception <a 'java/lang/ClassNotFoundException'{0x00000000866ab728}: org/springframework/beans/factory/InitializingBeanCustomizer> (0x00000000866ab728) 
thrown [t:/workspace/open/src/hotspot/share/classfile/systemDictionary.cpp, line 232]
Event: 4.894 Thread 0x000002bb1e820800 Exception <a 'java/lang/ClassNotFoundException'{0x00000000866c3500}: org/springframework/data/repository/core/support/RepositoryFactoryInformationCustomizer> (0x00000000866c3500) 
thrown [t:/workspace/open/src/hotspot/share/classfile/systemDictionary.cpp, line 232]
Event: 4.894 Thread 0x000002bb1e820800 Exception <a 'java/lang/ClassNotFoundException'{0x00000000866dc230}: org/springframework/beans/factory/FactoryBeanCustomizer> (0x00000000866dc230) 
thrown [t:/workspace/open/src/hotspot/share/classfile/systemDictionary.cpp, line 232]
Event: 4.895 Thread 0x000002bb1e820800 Exception <a 'java/lang/ClassNotFoundException'{0x00000000866f3c38}: org/springframework/beans/factory/BeanClassLoaderAwareCustomizer> (0x00000000866f3c38) 
thrown [t:/workspace/open/src/hotspot/share/classfile/systemDictionary.cpp, line 232]
Event: 4.895 Thread 0x000002bb1e820800 Exception <a 'java/lang/ClassNotFoundException'{0x0000000086506128}: org/springframework/beans/factory/AwareCustomizer> (0x0000000086506128) 
thrown [t:/workspace/open/src/hotspot/share/classfile/systemDictionary.cpp, line 232]
Event: 4.895 Thread 0x000002bb1e820800 Exception <a 'java/lang/ClassNotFoundException'{0x00000000865190c0}: org/springframework/beans/factory/BeanFactoryAwareCustomizer> (0x00000000865190c0) 
thrown [t:/workspace/open/src/hotspot/share/classfile/systemDictionary.cpp, line 232]
Event: 4.896 Thread 0x000002bb1e820800 Exception <a 'java/lang/ClassNotFoundException'{0x000000008652b850}: org/springframework/beans/factory/AwareCustomizer> (0x000000008652b850) 
thrown [t:/workspace/open/src/hotspot/share/classfile/systemDictionary.cpp, line 232]
Event: 4.896 Thread 0x000002bb1e820800 Exception <a 'java/lang/ClassNotFoundException'{0x000000008653fb10}: org/springframework/context/ApplicationEventPublisherAwareCustomizer> (0x000000008653fb10) 
thrown [t:/workspace/open/src/hotspot/share/classfile/systemDictionary.cpp, line 232]
Event: 4.896 Thread 0x000002bb1e820800 Exception <a 'java/lang/ClassNotFoundException'{0x00000000865522a8}: org/springframework/beans/factory/AwareCustomizer> (0x00000000865522a8) 
thrown [t:/workspace/open/src/hotspot/share/classfile/systemDictionary.cpp, line 232]
Event: 4.903 Thread 0x000002bb1e820800 Exception <a 'java/lang/ClassNotFoundException'{0x000000008658a318}: java/lang/ObjectCustomizer> (0x000000008658a318) 
thrown [t:/workspace/open/src/hotspot/share/classfile/systemDictionary.cpp, line 232]
Event: 4.903 Thread 0x000002bb1e820800 Exception <a 'java/lang/ClassNotFoundException'{0x00000000865a1d68}: org/springframework/core/io/support/PropertiesLoaderSupportCustomizer> (0x00000000865a1d68) 
thrown [t:/workspace/open/src/hotspot/share/classfile/systemDictionary.cpp, line 232]
Event: 4.904 Thread 0x000002bb1e820800 Exception <a 'java/lang/ClassNotFoundException'{0x00000000865bef20}: org/springframework/beans/factory/config/PropertiesFactoryBeanCustomizer> (0x00000000865bef20) 
thrown [t:/workspace/open/src/hotspot/share/classfile/systemDictionary.cpp, line 232]
Event: 4.905 Thread 0x000002bb1e820800 Exception <a 'java/lang/ClassNotFoundException'{0x00000000865e1ca0}: org/springframework/beans/factory/FactoryBeanCustomizer> (0x00000000865e1ca0) 
thrown [t:/workspace/open/src/hotspot/share/classfile/systemDictionary.cpp, line 232]
Event: 4.905 Thread 0x000002bb1e820800 Exception <a 'java/lang/ClassNotFoundException'{0x00000000865f7648}: org/springframework/beans/factory/InitializingBeanCustomizer> (0x00000000865f7648) 
thrown [t:/workspace/open/src/hotspot/share/classfile/systemDictionary.cpp, line 232]
Event: 5.027 Thread 0x000002bb1e820800 Exception <a 'java/lang/ClassNotFoundException'{0x000000008595abc0}: java/lang/ObjectCustomizer> (0x000000008595abc0) 
thrown [t:/workspace/open/src/hotspot/share/classfile/systemDictionary.cpp, line 232]
Event: 5.028 Thread 0x000002bb1e820800 Exception <a 'java/lang/ClassNotFoundException'{0x000000008596ea68}: com/tecnocode/model/AddressCustomizer> (0x000000008596ea68) 
thrown [t:/workspace/open/src/hotspot/share/classfile/systemDictionary.cpp, line 232]
Event: 5.039 Thread 0x000002bb1e820800 Exception <a 'java/lang/NoSuchMethodError'{0x00000000858699f8}: 'int java.lang.invoke.DirectMethodHandle$Holder.invokeVirtual(java.lang.Object, java.lang.Object, java.lang.Object)'> (0x00000000858699f8) 
thrown [t:/workspace/open/src/hotspot/share/interpreter/linkResolver.cpp, line 767]

Events (20 events):
Event: 5.045 loading class org/springframework/data/mapping/context/AbstractMappingContext$PersistentPropertyCreator
Event: 5.045 loading class org/springframework/data/mapping/context/AbstractMappingContext$PersistentPropertyCreator done
Event: 5.045 loading class org/springframework/data/mapping/context/AbstractMappingContext$PersistentPropertyFilter
Event: 5.045 loading class org/springframework/data/mapping/context/AbstractMappingContext$PersistentPropertyFilter done
Event: 5.045 loading class org/springframework/data/mapping/model/Property
Event: 5.045 loading class org/springframework/data/mapping/model/Property done
Event: 5.045 loading class org/springframework/data/mapping/model/Property
Event: 5.045 loading class org/springframework/data/mapping/model/Property done
Event: 5.046 loading class org/springframework/data/mapping/context/AbstractMappingContext$PersistentPropertyCreator
Event: 5.046 loading class org/springframework/data/mapping/context/AbstractMappingContext$PersistentPropertyCreator done
Event: 5.046 loading class org/springframework/data/mapping/model/Property
Event: 5.046 loading class org/springframework/data/mapping/model/Property done
Event: 5.046 loading class org/springframework/data/mapping/model/Property
Event: 5.046 loading class org/springframework/data/mapping/model/Property done
Event: 5.046 loading class org/springframework/data/util/TypeDiscoverer
Event: 5.046 loading class org/springframework/data/util/TypeDiscoverer done
Event: 5.046 loading class org/springframework/data/mapping/model/Property
Event: 5.046 loading class org/springframework/data/mapping/model/Property done
Event: 5.046 loading class org/springframework/data/mapping/model/Property
Event: 5.046 loading class org/springframework/data/mapping/model/Property done


Dynamic libraries:
0x00007ff77bd90000 - 0x00007ff77bd9f000 	C:\Program Files\Java\jdk-13.0.2\bin\javaw.exe
0x00007ffc0cbf0000 - 0x00007ffc0cde5000 	C:\WINDOWS\SYSTEM32\ntdll.dll
0x00007ffc0bb20000 - 0x00007ffc0bbdd000 	C:\WINDOWS\System32\KERNEL32.DLL
0x00007ffc0a6f0000 - 0x00007ffc0a9b8000 	C:\WINDOWS\System32\KERNELBASE.dll
0x00007ffc0a510000 - 0x00007ffc0a610000 	C:\WINDOWS\System32\ucrtbase.dll
0x00007ffbf1dc0000 - 0x00007ffbf1dd8000 	C:\Program Files\Java\jdk-13.0.2\bin\jli.dll
0x00007ffbf3070000 - 0x00007ffbf3085000 	C:\Program Files\Java\jdk-13.0.2\bin\VCRUNTIME140.dll
0x00007ffc0b820000 - 0x00007ffc0b8cc000 	C:\WINDOWS\System32\ADVAPI32.dll
0x00007ffc0ca00000 - 0x00007ffc0ca9e000 	C:\WINDOWS\System32\msvcrt.dll
0x00007ffc0caa0000 - 0x00007ffc0cb3b000 	C:\WINDOWS\System32\sechost.dll
0x00007ffc0b670000 - 0x00007ffc0b79b000 	C:\WINDOWS\System32\RPCRT4.dll
0x00007ffc0b8d0000 - 0x00007ffc0ba70000 	C:\WINDOWS\System32\USER32.dll
0x00007ffc0a9c0000 - 0x00007ffc0a9e2000 	C:\WINDOWS\System32\win32u.dll
0x00007ffc0c690000 - 0x00007ffc0c6ba000 	C:\WINDOWS\System32\GDI32.dll
0x00007ffbeadb0000 - 0x00007ffbeb04a000 	C:\WINDOWS\WinSxS\amd64_microsoft.windows.common-controls_6595b64144ccf1df_6.0.19041.844_none_ca00b6081b84eb1d\COMCTL32.dll
0x00007ffc0a9f0000 - 0x00007ffc0aafb000 	C:\WINDOWS\System32\gdi32full.dll
0x00007ffc0ab60000 - 0x00007ffc0abfd000 	C:\WINDOWS\System32\msvcp_win.dll
0x00007ffbfee40000 - 0x00007ffbfee4a000 	C:\WINDOWS\SYSTEM32\VERSION.dll
0x00007ffc0c390000 - 0x00007ffc0c3c0000 	C:\WINDOWS\System32\IMM32.DLL
0x00007ffbf0cd0000 - 0x00007ffbf0d6b000 	C:\Program Files\Java\jdk-13.0.2\bin\msvcp140.dll
0x00007ffbf0020000 - 0x00007ffbf0b7d000 	C:\Program Files\Java\jdk-13.0.2\bin\server\jvm.dll
0x00007ffc0cba0000 - 0x00007ffc0cba8000 	C:\WINDOWS\System32\PSAPI.DLL
0x00007ffbeaca0000 - 0x00007ffbeacc7000 	C:\WINDOWS\SYSTEM32\WINMM.dll
0x00007ffbecc10000 - 0x00007ffbecc19000 	C:\WINDOWS\SYSTEM32\WSOCK32.dll
0x00007ffc0c4e0000 - 0x00007ffc0c54b000 	C:\WINDOWS\System32\WS2_32.dll
0x00007ffc09020000 - 0x00007ffc09032000 	C:\WINDOWS\SYSTEM32\kernel.appcore.dll
0x00007ffbfd6d0000 - 0x00007ffbfd6e0000 	C:\Program Files\Java\jdk-13.0.2\bin\verify.dll
0x00007ffc08b50000 - 0x00007ffc08d34000 	C:\WINDOWS\SYSTEM32\DBGHELP.DLL
0x00007ffbeb1e0000 - 0x00007ffbeb20c000 	C:\WINDOWS\SYSTEM32\dbgcore.DLL
0x00007ffc0a490000 - 0x00007ffc0a510000 	C:\WINDOWS\System32\bcryptPrimitives.dll
0x00007ffbf1de0000 - 0x00007ffbf1e06000 	C:\Program Files\Java\jdk-13.0.2\bin\java.dll
0x00007ffbf19b0000 - 0x00007ffbf19c7000 	C:\Program Files\Java\jdk-13.0.2\bin\zip.dll
0x00007ffbf3dd0000 - 0x00007ffbf3dda000 	C:\Program Files\Java\jdk-13.0.2\bin\jimage.dll
0x00007ffc0bbe0000 - 0x00007ffc0c322000 	C:\WINDOWS\System32\SHELL32.dll
0x00007ffc04c60000 - 0x00007ffc053f0000 	C:\WINDOWS\SYSTEM32\windows.storage.dll
0x00007ffc0b310000 - 0x00007ffc0b665000 	C:\WINDOWS\System32\combase.dll
0x00007ffc09da0000 - 0x00007ffc09dcc000 	C:\WINDOWS\SYSTEM32\Wldp.dll
0x00007ffc0ba70000 - 0x00007ffc0bb1e000 	C:\WINDOWS\System32\SHCORE.dll
0x00007ffc0c630000 - 0x00007ffc0c685000 	C:\WINDOWS\System32\shlwapi.dll
0x00007ffc0a270000 - 0x00007ffc0a28f000 	C:\WINDOWS\SYSTEM32\profapi.dll
0x00007ffbf1990000 - 0x00007ffbf19a9000 	C:\Program Files\Java\jdk-13.0.2\bin\net.dll
0x00007ffbf8aa0000 - 0x00007ffbf8bab000 	C:\WINDOWS\SYSTEM32\WINHTTP.dll
0x00007ffc09b10000 - 0x00007ffc09b7a000 	C:\WINDOWS\system32\mswsock.dll
0x00007ffbf1860000 - 0x00007ffbf1873000 	C:\Program Files\Java\jdk-13.0.2\bin\nio.dll
0x00007ffbf2ff0000 - 0x00007ffbf2ff9000 	C:\Program Files\Java\jdk-13.0.2\bin\management.dll
0x00007ffbf1db0000 - 0x00007ffbf1dbb000 	C:\Program Files\Java\jdk-13.0.2\bin\management_ext.dll
0x00007ffbf3bd0000 - 0x00007ffbf3be7000 	C:\WINDOWS\system32\napinsp.dll
0x00007ffbf3bb0000 - 0x00007ffbf3bcb000 	C:\WINDOWS\system32\pnrpnsp.dll
0x00007ffbe3db0000 - 0x00007ffbe3dc5000 	C:\WINDOWS\system32\wshbth.dll
0x00007ffc02ee0000 - 0x00007ffc02efd000 	C:\WINDOWS\system32\NLAapi.dll
0x00007ffc097b0000 - 0x00007ffc097eb000 	C:\WINDOWS\SYSTEM32\IPHLPAPI.DLL
0x00007ffc09800000 - 0x00007ffc098cc000 	C:\WINDOWS\SYSTEM32\DNSAPI.dll
0x00007ffc0c620000 - 0x00007ffc0c628000 	C:\WINDOWS\System32\NSI.dll
0x00007ffbf39c0000 - 0x00007ffbf39d2000 	C:\WINDOWS\System32\winrnr.dll
0x00007ffbf5580000 - 0x00007ffbf558a000 	C:\Windows\System32\rasadhlp.dll
0x00007ffbf8a20000 - 0x00007ffbf8a9f000 	C:\WINDOWS\System32\fwpuclnt.dll
0x00007ffc0a6c0000 - 0x00007ffc0a6e7000 	C:\WINDOWS\System32\bcrypt.dll
0x00007ffc09ce0000 - 0x00007ffc09cf8000 	C:\WINDOWS\SYSTEM32\CRYPTSP.dll
0x00007ffc09440000 - 0x00007ffc09474000 	C:\WINDOWS\system32\rsaenh.dll
0x00007ffc0a230000 - 0x00007ffc0a25e000 	C:\WINDOWS\SYSTEM32\USERENV.dll
0x00007ffc09d00000 - 0x00007ffc09d0c000 	C:\WINDOWS\SYSTEM32\CRYPTBASE.dll
0x00007ffbfe4d0000 - 0x00007ffbfe4e7000 	C:\WINDOWS\SYSTEM32\dhcpcsvc6.DLL
0x00007ffbffb20000 - 0x00007ffbffb3d000 	C:\WINDOWS\SYSTEM32\dhcpcsvc.DLL
0x00007ffbf1420000 - 0x00007ffbf1445000 	C:\Program Files\Java\jdk-13.0.2\bin\sunec.dll

dbghelp: loaded successfully - version: 4.0.5 - missing functions: none
symbol engine: initialized successfully - sym options: 0x614 - pdb path: .;C:\Program Files\Java\jdk-13.0.2\bin;C:\WINDOWS\SYSTEM32;C:\WINDOWS\WinSxS\amd64_microsoft.windows.common-controls_6595b64144ccf1df_6.0.19041.844_none_ca00b6081b84eb1d;C:\Program Files\Java\jdk-13.0.2\bin\server

VM Arguments:
jvm_args: -Dfile.encoding=UTF-8 
java_command: com.tecnocode.TecnocodeApplication
java_class_path (initial): C:\Users\carol\tecnocode\tecnocode\backend\target\classes;C:\Users\carol\.m2\repository\org\springframework\boot\spring-boot-starter\2.4.4\spring-boot-starter-2.4.4.jar;C:\Users\carol\.m2\repository\org\springframework\boot\spring-boot\2.4.4\spring-boot-2.4.4.jar;C:\Users\carol\.m2\repository\org\springframework\boot\spring-boot-autoconfigure\2.4.4\spring-boot-autoconfigure-2.4.4.jar;C:\Users\carol\.m2\repository\org\springframework\boot\spring-boot-starter-logging\2.4.4\spring-boot-starter-logging-2.4.4.jar;C:\Users\carol\.m2\repository\ch\qos\logback\logback-classic\1.2.3\logback-classic-1.2.3.jar;C:\Users\carol\.m2\repository\ch\qos\logback\logback-core\1.2.3\logback-core-1.2.3.jar;C:\Users\carol\.m2\repository\org\apache\logging\log4j\log4j-to-slf4j\2.13.3\log4j-to-slf4j-2.13.3.jar;C:\Users\carol\.m2\repository\org\apache\logging\log4j\log4j-api\2.13.3\log4j-api-2.13.3.jar;C:\Users\carol\.m2\repository\org\slf4j\jul-to-slf4j\1.7.30\jul-to-slf4j-1.7.30.jar;C:\Users\carol\.m2\repository\jakarta\annotation\jakarta.annotation-api\1.3.5\jakarta.annotation-api-1.3.5.jar;C:\Users\carol\.m2\repository\org\springframework\spring-core\5.3.5\spring-core-5.3.5.jar;C:\Users\carol\.m2\repository\org\springframework\spring-jcl\5.3.5\spring-jcl-5.3.5.jar;C:\Users\carol\.m2\repository\org\yaml\snakeyaml\1.27\snakeyaml-1.27.jar;C:\Users\carol\.m2\repository\org\springframework\boot\spring-boot-devtools\2.4.4\spring-boot-devtools-2.4.4.jar;C:\Users\carol\.m2\repository\org\springdoc\springdoc-openapi-ui\1.5.8\springdoc-openapi-ui-1.5.8.jar;C:\Users\carol\.m2\repository\org\springdoc\springdoc-openapi-webmvc-core\1.5.8\springdoc-openapi-webmvc-core-1.5.8.jar;C:\Users\carol\.m2\repository\org\springdoc\springdoc-openapi-common\1.5.8\springdoc-openapi-common-1.5.8.jar;C:\Users\carol\.m2\repository\io\swagger\core\v3\swagger-models\2.1.9\swagger-models-2.1.9.jar;C:\Users\carol\.m2\repository\io\swagger\core\v3\swagger-annotations\2.1.9\swagger-annotations-
Launcher Type: SUN_STANDARD

[Global flags]
     intx CICompilerCount                          = 4                                         {product} {ergonomic}
     uint ConcGCThreads                            = 2                                         {product} {ergonomic}
     uint G1ConcRefinementThreads                  = 8                                         {product} {ergonomic}
   size_t G1HeapRegionSize                         = 1048576                                   {product} {ergonomic}
    uintx GCDrainStackTargetSize                   = 64                                        {product} {ergonomic}
   size_t InitialHeapSize                          = 134217728                                 {product} {ergonomic}
   size_t MarkStackSize                            = 4194304                                   {product} {ergonomic}
   size_t MaxHeapSize                              = 2116026368                                {product} {ergonomic}
   size_t MaxNewSize                               = 1268776960                                {product} {ergonomic}
   size_t MinHeapDeltaBytes                        = 1048576                                   {product} {ergonomic}
   size_t MinHeapSize                              = 8388608                                   {product} {ergonomic}
    uintx NonNMethodCodeHeapSize                   = 5839372                                {pd product} {ergonomic}
    uintx NonProfiledCodeHeapSize                  = 122909434                              {pd product} {ergonomic}
    uintx ProfiledCodeHeapSize                     = 122909434                              {pd product} {ergonomic}
    uintx ReservedCodeCacheSize                    = 251658240                              {pd product} {ergonomic}
     bool SegmentedCodeCache                       = true                                      {product} {ergonomic}
   size_t SoftMaxHeapSize                          = 2116026368                             {manageable} {ergonomic}
     bool UseCompressedClassPointers               = true                                 {lp64_product} {ergonomic}
     bool UseCompressedOops                        = true                                 {lp64_product} {ergonomic}
     bool UseG1GC                                  = true                                      {product} {ergonomic}
     bool UseLargePagesIndividualAllocation        = false                                  {pd product} {ergonomic}

Logging:
Log output configuration:
 #0: stdout all=warning uptime,level,tags
 #1: stderr all=off uptime,level,tags

Environment Variables:
JAVA_HOME=C:\Program Files (x86)\Java\jdk1.8.0_281
PATH=C:/Program Files/Java/jdk-13.0.2/bin/server;C:/Program Files/Java/jdk-13.0.2/bin;C:\ProgramData\Oracle\Java\javapath;C:\Program Files (x86)\Falcon\MinGW\bin;C:\Program Files\Microsoft MPI\Bin\;C:\Program Files (x86)\Common Files\Oracle\Java\javapath;C:\WINDOWS\system32;C:\WINDOWS;C:\WINDOWS\System32\Wbem;C:\WINDOWS\System32\WindowsPowerShell\v1.0\;C:\WINDOWS\System32\OpenSSH\;C:\Program Files\dotnet\;C:\Program Files\Microsoft SQL Server\130\Tools\Binn\;C:\Program Files\Microsoft SQL Server\Client SDK\ODBC\170\Tools\Binn\;C:\Program Files (x86)\Microsoft SQL Server\150\DTS\Binn\;C:\Program Files (x86)\Microsoft SQL Server\140\Tools\Binn\;C:\Program Files\Microsoft SQL Server\140\Tools\Binn\;C:\Program Files (x86)\Microsoft SQL Server\140\DTS\Binn\;C:\Program Files\Microsoft SQL Server\140\DTS\Binn\;C:\Program Files\Microsoft SQL Server\Client SDK\ODBC\130\Tools\Binn\;C:\Program Files\nodejs\;C:\Program Files (x86)\dotnet\;C:\Program Files (x86)\Intel\Intel(R) Management Engine Components\DAL;C:\Program Files\Intel\Intel(R) Management Engine Components\DAL;C:\Program Files\Git\cmd;C:\Program Files\MySQL\MySQL Shell 8.0\bin\;C:\Users\carol\AppData\Local\Programs\Python\Python38\Scripts\;C:\Users\carol\AppData\Local\Programs\Python\Python38\;C:\Users\carol\AppData\Local\Microsoft\WindowsApps;C:\Users\carol\AppData\Local\Programs\Microsoft VS Code\bin;C:\Program Files\JetBrains\IntelliJ IDEA Community Edition 2020.3.3\bin;;C:\Users\carol\AppData\Roaming\npm;C:\Program Files (x86)\Sophos\Sophos SSL VPN Client\bin;C:\maven\bin;;C:\Users\carol\OneDrive\rea de Trabalho;
USERNAME=Caroline
OS=Windows_NT
PROCESSOR_IDENTIFIER=Intel64 Family 6 Model 142 Stepping 12, GenuineIntel



---------------  S Y S T E M  ---------------

OS: Windows 10 , 64 bit Build 19041 (10.0.19041.928)

CPU:total 8 (initial active 8) (4 cores per cpu, 2 threads per core) family 6 model 142 stepping 12, cmov, cx8, fxsr, mmx, sse, sse2, sse3, ssse3, sse4.1, sse4.2, popcnt, avx, avx2, aes, clmul, erms, 3dnowpref, lzcnt, ht, tsc, tscinvbit, bmi1, bmi2, adx, fma

Memory: 4k page, system-wide physical 8068M (1046M free)
TotalPageFile size 8068M (AvailPageFile size 5M)
current process WorkingSet (physical memory assigned to process): 298M, peak: 298M
current process commit charge ("private bytes"): 339M, peak: 340M

vm_info: Java HotSpot(TM) 64-Bit Server VM (13.0.2+8) for windows-amd64 JRE (13.0.2+8), built on Dec 11 2019 09:20:33 by "mach5one" with unknown MS VC++:1916

END.
